<?xml version="1.0" encoding="UTF-8"?>
<!-- Generated by org.testng.reporters.JUnitXMLReporter -->
<testsuite ignored="0" hostname="RashiBadiya" failures="0" tests="6" name="E-commerce Automation Tests" time="21.597" errors="0" timestamp="2025-09-15T13:44:30 IST">
  <testcase classname="com.ecommerce.tests.LoginTest" name="testLoginFunctionality" time="1.896"/>
  <testcase classname="com.ecommerce.tests.LoginTest" name="testLoginWithInvalidCredentials" time="1.663"/>
  <testcase classname="com.ecommerce.tests.FilterTest" name="testFilterByPriceAscending" time="1.736"/>
  <testcase classname="com.ecommerce.tests.CartTest" name="testAddToCartFunctionality" time="3.186"/>
  <testcase classname="com.ecommerce.tests.CheckoutTest" name="testCheckoutProcess" time="3.596"/>
  <testcase classname="com.ecommerce.tests.LogoutTest" name="testLogoutFunctionality" time="1.763"/>
</testsuite> <!-- E-commerce Automation Tests -->
